<?xml version="1.0" encoding="UTF-8"?>
<testng-results skipped="0" failed="4" ignored="0" total="12" passed="8">
  <reporter-output>
    <line>
      <![CDATA[[INFO ] [2021-08-13 15:39:59,508] ---------- START delete file in folder ----------
<br>]]>
    </line>
    <line>
      <![CDATA[[INFO ] [2021-08-13 15:39:59,511] ---------- END delete file in folder ----------
<br>]]>
    </line>
    <line>
      <![CDATA[[INFO ] [2021-08-13 15:39:59,531] Pre-Condition - Step 01: Open Browser 'firefox' and navigate to 'https://opensource-demo.orangehrmlive.com'
<br>]]>
    </line>
    <line>
      <![CDATA[[INFO ] [2021-08-13 15:40:09,676] Pre-Condition - Step 02: Login with Admin role
<br>]]>
    </line>
    <line>
      <![CDATA[[INFO ] [2021-08-13 15:40:10,425] Add_New_01 - Step 01: Open Employee List page
<br>]]>
    </line>
    <line>
      <![CDATA[[INFO ] [2021-08-13 15:40:51,045] Upload_Avatar_02 - Step 01: Login with Employee Role
<br>]]>
    </line>
    <line>
      <![CDATA[[INFO ] [2021-08-13 15:40:51,050] Personal_Details_03 - Step 01: Open Personal Detail Page
<br>]]>
    </line>
    <line>
      <![CDATA[[INFO ] [2021-08-13 15:40:51,053] Contact_Detaisl_04 - Step 01: Open 'Contact Details' tab at Side bar
<br>]]>
    </line>
    <line>
      <![CDATA[[INFO ] [2021-08-13 15:40:51,079] Post-Condition: Close browser
<br>]]>
    </line>
  </reporter-output>
  <suite name="HRM" duration-ms="52289" started-at="2021-08-13T08:39:59Z" finished-at="2021-08-13T08:40:51Z">
    <groups>
    </groups>
    <test name="Run on FIREFOX" duration-ms="52289" started-at="2021-08-13T08:39:59Z" finished-at="2021-08-13T08:40:51Z">
      <class name="data.hrm.employee.Level_19_Fake_Data">
        <test-method status="PASS" signature="deleteAllFilesInReportNGScreenshot()[pri:0, instance:data.hrm.employee.Level_19_Fake_Data@2baa8d82]" name="deleteAllFilesInReportNGScreenshot" is-config="true" duration-ms="25" started-at="2021-08-13T08:39:59Z" finished-at="2021-08-13T08:39:59Z">
          <reporter-output>
            <line>
              <![CDATA[[INFO ] [2021-08-13 15:39:59,508] ---------- START delete file in folder ----------
<br>]]>
            </line>
            <line>
              <![CDATA[[INFO ] [2021-08-13 15:39:59,511] ---------- END delete file in folder ----------
<br>]]>
            </line>
          </reporter-output>
        </test-method> <!-- deleteAllFilesInReportNGScreenshot -->
        <test-method status="PASS" signature="beforClass(java.lang.String, java.lang.String)[pri:0, instance:data.hrm.employee.Level_19_Fake_Data@2baa8d82]" name="beforClass" is-config="true" duration-ms="10857" started-at="2021-08-13T08:39:59Z" finished-at="2021-08-13T08:40:10Z">
          <params>
            <param index="0">
              <value>
                <![CDATA[firefox]]>
              </value>
            </param>
            <param index="1">
              <value>
                <![CDATA[https://opensource-demo.orangehrmlive.com]]>
              </value>
            </param>
          </params>
          <reporter-output>
            <line>
              <![CDATA[[INFO ] [2021-08-13 15:39:59,531] Pre-Condition - Step 01: Open Browser 'firefox' and navigate to 'https://opensource-demo.orangehrmlive.com'
<br>]]>
            </line>
            <line>
              <![CDATA[[INFO ] [2021-08-13 15:40:09,676] Pre-Condition - Step 02: Login with Admin role
<br>]]>
            </line>
          </reporter-output>
        </test-method> <!-- beforClass -->
        <test-method status="FAIL" signature="Employee_01_Add_New_Employee()[pri:0, instance:data.hrm.employee.Level_19_Fake_Data@2baa8d82]" name="Employee_01_Add_New_Employee" duration-ms="40555" started-at="2021-08-13T08:40:10Z" finished-at="2021-08-13T08:40:50Z">
          <exception class="org.openqa.selenium.TimeoutException">
            <message>
              <![CDATA[Expected condition failed: waiting for element to be clickable: By.xpath: //div[@id='mainMenu']//a[string()='PIM'] (tried for 30 second(s) with 500 milliseconds interval)]]>
            </message>
            <full-stacktrace>
              <![CDATA[org.openqa.selenium.TimeoutException: Expected condition failed: waiting for element to be clickable: By.xpath: //div[@id='mainMenu']//a[string()='PIM'] (tried for 30 second(s) with 500 milliseconds interval)
at org.openqa.selenium.support.ui.WebDriverWait.timeoutException(WebDriverWait.java:95)
at org.openqa.selenium.support.ui.FluentWait.until(FluentWait.java:272)
at commons.BasePage.waitForElementClickable(BasePage.java:531)
at commons.BasePage.openSubMenuPage(BasePage.java:646)
at data.hrm.employee.Level_19_Fake_Data.Employee_01_Add_New_Employee(Level_19_Fake_Data.java:77)
at sun.reflect.NativeMethodAccessorImpl.invoke0(Native Method)
at sun.reflect.NativeMethodAccessorImpl.invoke(NativeMethodAccessorImpl.java:62)
at sun.reflect.DelegatingMethodAccessorImpl.invoke(DelegatingMethodAccessorImpl.java:43)
at java.lang.reflect.Method.invoke(Method.java:498)
at org.testng.internal.MethodInvocationHelper.invokeMethod(MethodInvocationHelper.java:124)
at org.testng.internal.Invoker.invokeMethod(Invoker.java:583)
at org.testng.internal.Invoker.invokeTestMethod(Invoker.java:719)
at org.testng.internal.Invoker.invokeTestMethods(Invoker.java:989)
at org.testng.internal.TestMethodWorker.invokeTestMethods(TestMethodWorker.java:125)
at org.testng.internal.TestMethodWorker.run(TestMethodWorker.java:109)
at org.testng.TestRunner.privateRun(TestRunner.java:648)
at org.testng.TestRunner.run(TestRunner.java:505)
at org.testng.SuiteRunner.runTest(SuiteRunner.java:455)
at org.testng.SuiteRunner.runSequentially(SuiteRunner.java:450)
at org.testng.SuiteRunner.privateRun(SuiteRunner.java:415)
at org.testng.SuiteRunner.run(SuiteRunner.java:364)
at org.testng.SuiteRunnerWorker.runSuite(SuiteRunnerWorker.java:52)
at org.testng.SuiteRunnerWorker.run(SuiteRunnerWorker.java:84)
at org.testng.TestNG.runSuitesSequentially(TestNG.java:1208)
at org.testng.TestNG.runSuitesLocally(TestNG.java:1137)
at org.testng.TestNG.runSuites(TestNG.java:1049)
at org.testng.TestNG.run(TestNG.java:1017)
at org.apache.maven.surefire.testng.TestNGExecutor.run(TestNGExecutor.java:283)
at org.apache.maven.surefire.testng.TestNGXmlTestSuite.execute(TestNGXmlTestSuite.java:75)
at org.apache.maven.surefire.testng.TestNGProvider.invoke(TestNGProvider.java:120)
at org.apache.maven.surefire.booter.ForkedBooter.invokeProviderInSameClassLoader(ForkedBooter.java:384)
at org.apache.maven.surefire.booter.ForkedBooter.runSuitesInProcess(ForkedBooter.java:345)
at org.apache.maven.surefire.booter.ForkedBooter.execute(ForkedBooter.java:126)
at org.apache.maven.surefire.booter.ForkedBooter.main(ForkedBooter.java:418)
Caused by: org.openqa.selenium.NoSuchElementException: Unable to locate element: //div[@id='mainMenu']//a[string()='PIM']
For documentation on this error, please visit: https://www.seleniumhq.org/exceptions/no_such_element.html
Build info: version: '3.141.59', revision: 'e82be7d358', time: '2018-11-14T08:17:03'
System info: host: 'DESKTOP-RCI0U7A', ip: '192.168.1.110', os.name: 'Windows 10', os.arch: 'amd64', os.version: '10.0', java.version: '1.8.0_261'
Driver info: org.openqa.selenium.firefox.FirefoxDriver
Capabilities {acceptInsecureCerts: true, browserName: firefox, browserVersion: 89.0.2, javascriptEnabled: true, moz:accessibilityChecks: false, moz:buildID: 20210622155641, moz:geckodriverVersion: 0.29.0, moz:headless: false, moz:processID: 8696, moz:profile: C:\Users\This PC\AppData\Lo..., moz:shutdownTimeout: 60000, moz:useNonSpecCompliantPointerOrigin: false, moz:webdriverClick: true, pageLoadStrategy: normal, platform: WINDOWS, platformName: WINDOWS, platformVersion: 10.0, setWindowRect: true, strictFileInteractability: false, timeouts: {implicit: 0, pageLoad: 300000, script: 30000}, unhandledPromptBehavior: dismiss and notify}
Session ID: 6efb58f8-7cdd-41cd-88b7-2083847833c3
*** Element info: {Using=xpath, value=//div[@id='mainMenu']//a[string()='PIM']}
at sun.reflect.NativeConstructorAccessorImpl.newInstance0(Native Method)
at sun.reflect.NativeConstructorAccessorImpl.newInstance(NativeConstructorAccessorImpl.java:62)
at sun.reflect.DelegatingConstructorAccessorImpl.newInstance(DelegatingConstructorAccessorImpl.java:45)
at java.lang.reflect.Constructor.newInstance(Constructor.java:423)
at org.openqa.selenium.remote.http.W3CHttpResponseCodec.createException(W3CHttpResponseCodec.java:187)
at org.openqa.selenium.remote.http.W3CHttpResponseCodec.decode(W3CHttpResponseCodec.java:122)
at org.openqa.selenium.remote.http.W3CHttpResponseCodec.decode(W3CHttpResponseCodec.java:49)
at org.openqa.selenium.remote.HttpCommandExecutor.execute(HttpCommandExecutor.java:158)
at org.openqa.selenium.remote.service.DriverCommandExecutor.execute(DriverCommandExecutor.java:83)
at org.openqa.selenium.remote.RemoteWebDriver.execute(RemoteWebDriver.java:552)
at org.openqa.selenium.remote.RemoteWebDriver.findElement(RemoteWebDriver.java:323)
at org.openqa.selenium.remote.RemoteWebDriver.findElementByXPath(RemoteWebDriver.java:428)
at org.openqa.selenium.By$ByXPath.findElement(By.java:353)
at org.openqa.selenium.remote.RemoteWebDriver.findElement(RemoteWebDriver.java:315)
at org.openqa.selenium.support.ui.ExpectedConditions$7.apply(ExpectedConditions.java:205)
at org.openqa.selenium.support.ui.ExpectedConditions$7.apply(ExpectedConditions.java:201)
at org.openqa.selenium.support.ui.ExpectedConditions$22.apply(ExpectedConditions.java:641)
at org.openqa.selenium.support.ui.ExpectedConditions$22.apply(ExpectedConditions.java:638)
at org.openqa.selenium.support.ui.FluentWait.until(FluentWait.java:249)
... 32 more
]]>
            </full-stacktrace>
          </exception> <!-- org.openqa.selenium.TimeoutException -->
          <reporter-output>
            <line>
              <![CDATA[[INFO ] [2021-08-13 15:40:10,425] Add_New_01 - Step 01: Open Employee List page
<br>]]>
            </line>
          </reporter-output>
        </test-method> <!-- Employee_01_Add_New_Employee -->
        <test-method status="FAIL" signature="Employee_02_Upload_Avatar()[pri:0, instance:data.hrm.employee.Level_19_Fake_Data@2baa8d82]" name="Employee_02_Upload_Avatar" duration-ms="3" started-at="2021-08-13T08:40:51Z" finished-at="2021-08-13T08:40:51Z">
          <exception class="java.lang.NullPointerException">
            <full-stacktrace>
              <![CDATA[java.lang.NullPointerException
at data.hrm.employee.Level_19_Fake_Data.Employee_02_Upload_Avatar(Level_19_Fake_Data.java:137)
at sun.reflect.NativeMethodAccessorImpl.invoke0(Native Method)
at sun.reflect.NativeMethodAccessorImpl.invoke(NativeMethodAccessorImpl.java:62)
at sun.reflect.DelegatingMethodAccessorImpl.invoke(DelegatingMethodAccessorImpl.java:43)
at java.lang.reflect.Method.invoke(Method.java:498)
at org.testng.internal.MethodInvocationHelper.invokeMethod(MethodInvocationHelper.java:124)
at org.testng.internal.Invoker.invokeMethod(Invoker.java:583)
at org.testng.internal.Invoker.invokeTestMethod(Invoker.java:719)
at org.testng.internal.Invoker.invokeTestMethods(Invoker.java:989)
at org.testng.internal.TestMethodWorker.invokeTestMethods(TestMethodWorker.java:125)
at org.testng.internal.TestMethodWorker.run(TestMethodWorker.java:109)
at org.testng.TestRunner.privateRun(TestRunner.java:648)
at org.testng.TestRunner.run(TestRunner.java:505)
at org.testng.SuiteRunner.runTest(SuiteRunner.java:455)
at org.testng.SuiteRunner.runSequentially(SuiteRunner.java:450)
at org.testng.SuiteRunner.privateRun(SuiteRunner.java:415)
at org.testng.SuiteRunner.run(SuiteRunner.java:364)
at org.testng.SuiteRunnerWorker.runSuite(SuiteRunnerWorker.java:52)
at org.testng.SuiteRunnerWorker.run(SuiteRunnerWorker.java:84)
at org.testng.TestNG.runSuitesSequentially(TestNG.java:1208)
at org.testng.TestNG.runSuitesLocally(TestNG.java:1137)
at org.testng.TestNG.runSuites(TestNG.java:1049)
at org.testng.TestNG.run(TestNG.java:1017)
at org.apache.maven.surefire.testng.TestNGExecutor.run(TestNGExecutor.java:283)
at org.apache.maven.surefire.testng.TestNGXmlTestSuite.execute(TestNGXmlTestSuite.java:75)
at org.apache.maven.surefire.testng.TestNGProvider.invoke(TestNGProvider.java:120)
at org.apache.maven.surefire.booter.ForkedBooter.invokeProviderInSameClassLoader(ForkedBooter.java:384)
at org.apache.maven.surefire.booter.ForkedBooter.runSuitesInProcess(ForkedBooter.java:345)
at org.apache.maven.surefire.booter.ForkedBooter.execute(ForkedBooter.java:126)
at org.apache.maven.surefire.booter.ForkedBooter.main(ForkedBooter.java:418)
]]>
            </full-stacktrace>
          </exception> <!-- java.lang.NullPointerException -->
          <reporter-output>
            <line>
              <![CDATA[[INFO ] [2021-08-13 15:40:51,045] Upload_Avatar_02 - Step 01: Login with Employee Role
<br>]]>
            </line>
          </reporter-output>
        </test-method> <!-- Employee_02_Upload_Avatar -->
        <test-method status="FAIL" signature="Employee_03_Personal_Details()[pri:0, instance:data.hrm.employee.Level_19_Fake_Data@2baa8d82]" name="Employee_03_Personal_Details" duration-ms="3" started-at="2021-08-13T08:40:51Z" finished-at="2021-08-13T08:40:51Z">
          <exception class="java.lang.NullPointerException">
            <full-stacktrace>
              <![CDATA[java.lang.NullPointerException
at data.hrm.employee.Level_19_Fake_Data.Employee_03_Personal_Details(Level_19_Fake_Data.java:165)
at sun.reflect.NativeMethodAccessorImpl.invoke0(Native Method)
at sun.reflect.NativeMethodAccessorImpl.invoke(NativeMethodAccessorImpl.java:62)
at sun.reflect.DelegatingMethodAccessorImpl.invoke(DelegatingMethodAccessorImpl.java:43)
at java.lang.reflect.Method.invoke(Method.java:498)
at org.testng.internal.MethodInvocationHelper.invokeMethod(MethodInvocationHelper.java:124)
at org.testng.internal.Invoker.invokeMethod(Invoker.java:583)
at org.testng.internal.Invoker.invokeTestMethod(Invoker.java:719)
at org.testng.internal.Invoker.invokeTestMethods(Invoker.java:989)
at org.testng.internal.TestMethodWorker.invokeTestMethods(TestMethodWorker.java:125)
at org.testng.internal.TestMethodWorker.run(TestMethodWorker.java:109)
at org.testng.TestRunner.privateRun(TestRunner.java:648)
at org.testng.TestRunner.run(TestRunner.java:505)
at org.testng.SuiteRunner.runTest(SuiteRunner.java:455)
at org.testng.SuiteRunner.runSequentially(SuiteRunner.java:450)
at org.testng.SuiteRunner.privateRun(SuiteRunner.java:415)
at org.testng.SuiteRunner.run(SuiteRunner.java:364)
at org.testng.SuiteRunnerWorker.runSuite(SuiteRunnerWorker.java:52)
at org.testng.SuiteRunnerWorker.run(SuiteRunnerWorker.java:84)
at org.testng.TestNG.runSuitesSequentially(TestNG.java:1208)
at org.testng.TestNG.runSuitesLocally(TestNG.java:1137)
at org.testng.TestNG.runSuites(TestNG.java:1049)
at org.testng.TestNG.run(TestNG.java:1017)
at org.apache.maven.surefire.testng.TestNGExecutor.run(TestNGExecutor.java:283)
at org.apache.maven.surefire.testng.TestNGXmlTestSuite.execute(TestNGXmlTestSuite.java:75)
at org.apache.maven.surefire.testng.TestNGProvider.invoke(TestNGProvider.java:120)
at org.apache.maven.surefire.booter.ForkedBooter.invokeProviderInSameClassLoader(ForkedBooter.java:384)
at org.apache.maven.surefire.booter.ForkedBooter.runSuitesInProcess(ForkedBooter.java:345)
at org.apache.maven.surefire.booter.ForkedBooter.execute(ForkedBooter.java:126)
at org.apache.maven.surefire.booter.ForkedBooter.main(ForkedBooter.java:418)
]]>
            </full-stacktrace>
          </exception> <!-- java.lang.NullPointerException -->
          <reporter-output>
            <line>
              <![CDATA[[INFO ] [2021-08-13 15:40:51,050] Personal_Details_03 - Step 01: Open Personal Detail Page
<br>]]>
            </line>
          </reporter-output>
        </test-method> <!-- Employee_03_Personal_Details -->
        <test-method status="FAIL" signature="Employee_04_Contact_Details()[pri:0, instance:data.hrm.employee.Level_19_Fake_Data@2baa8d82]" name="Employee_04_Contact_Details" duration-ms="3" started-at="2021-08-13T08:40:51Z" finished-at="2021-08-13T08:40:51Z">
          <exception class="java.lang.NullPointerException">
            <full-stacktrace>
              <![CDATA[java.lang.NullPointerException
at data.hrm.employee.Level_19_Fake_Data.Employee_04_Contact_Details(Level_19_Fake_Data.java:241)
at sun.reflect.NativeMethodAccessorImpl.invoke0(Native Method)
at sun.reflect.NativeMethodAccessorImpl.invoke(NativeMethodAccessorImpl.java:62)
at sun.reflect.DelegatingMethodAccessorImpl.invoke(DelegatingMethodAccessorImpl.java:43)
at java.lang.reflect.Method.invoke(Method.java:498)
at org.testng.internal.MethodInvocationHelper.invokeMethod(MethodInvocationHelper.java:124)
at org.testng.internal.Invoker.invokeMethod(Invoker.java:583)
at org.testng.internal.Invoker.invokeTestMethod(Invoker.java:719)
at org.testng.internal.Invoker.invokeTestMethods(Invoker.java:989)
at org.testng.internal.TestMethodWorker.invokeTestMethods(TestMethodWorker.java:125)
at org.testng.internal.TestMethodWorker.run(TestMethodWorker.java:109)
at org.testng.TestRunner.privateRun(TestRunner.java:648)
at org.testng.TestRunner.run(TestRunner.java:505)
at org.testng.SuiteRunner.runTest(SuiteRunner.java:455)
at org.testng.SuiteRunner.runSequentially(SuiteRunner.java:450)
at org.testng.SuiteRunner.privateRun(SuiteRunner.java:415)
at org.testng.SuiteRunner.run(SuiteRunner.java:364)
at org.testng.SuiteRunnerWorker.runSuite(SuiteRunnerWorker.java:52)
at org.testng.SuiteRunnerWorker.run(SuiteRunnerWorker.java:84)
at org.testng.TestNG.runSuitesSequentially(TestNG.java:1208)
at org.testng.TestNG.runSuitesLocally(TestNG.java:1137)
at org.testng.TestNG.runSuites(TestNG.java:1049)
at org.testng.TestNG.run(TestNG.java:1017)
at org.apache.maven.surefire.testng.TestNGExecutor.run(TestNGExecutor.java:283)
at org.apache.maven.surefire.testng.TestNGXmlTestSuite.execute(TestNGXmlTestSuite.java:75)
at org.apache.maven.surefire.testng.TestNGProvider.invoke(TestNGProvider.java:120)
at org.apache.maven.surefire.booter.ForkedBooter.invokeProviderInSameClassLoader(ForkedBooter.java:384)
at org.apache.maven.surefire.booter.ForkedBooter.runSuitesInProcess(ForkedBooter.java:345)
at org.apache.maven.surefire.booter.ForkedBooter.execute(ForkedBooter.java:126)
at org.apache.maven.surefire.booter.ForkedBooter.main(ForkedBooter.java:418)
]]>
            </full-stacktrace>
          </exception> <!-- java.lang.NullPointerException -->
          <reporter-output>
            <line>
              <![CDATA[[INFO ] [2021-08-13 15:40:51,053] Contact_Detaisl_04 - Step 01: Open 'Contact Details' tab at Side bar
<br>]]>
            </line>
          </reporter-output>
        </test-method> <!-- Employee_04_Contact_Details -->
        <test-method status="PASS" signature="Employee_05_Emergency_Contact()[pri:0, instance:data.hrm.employee.Level_19_Fake_Data@2baa8d82]" name="Employee_05_Emergency_Contact" duration-ms="2" started-at="2021-08-13T08:40:51Z" finished-at="2021-08-13T08:40:51Z">
          <reporter-output>
          </reporter-output>
        </test-method> <!-- Employee_05_Emergency_Contact -->
        <test-method status="PASS" signature="Employee_06_Assigned_Dependents()[pri:0, instance:data.hrm.employee.Level_19_Fake_Data@2baa8d82]" name="Employee_06_Assigned_Dependents" duration-ms="2" started-at="2021-08-13T08:40:51Z" finished-at="2021-08-13T08:40:51Z">
          <reporter-output>
          </reporter-output>
        </test-method> <!-- Employee_06_Assigned_Dependents -->
        <test-method status="PASS" signature="Employee_07_Assigned_Dependents()[pri:0, instance:data.hrm.employee.Level_19_Fake_Data@2baa8d82]" name="Employee_07_Assigned_Dependents" duration-ms="1" started-at="2021-08-13T08:40:51Z" finished-at="2021-08-13T08:40:51Z">
          <reporter-output>
          </reporter-output>
        </test-method> <!-- Employee_07_Assigned_Dependents -->
        <test-method status="PASS" signature="Employee_08_View_Salary()[pri:0, instance:data.hrm.employee.Level_19_Fake_Data@2baa8d82]" name="Employee_08_View_Salary" duration-ms="1" started-at="2021-08-13T08:40:51Z" finished-at="2021-08-13T08:40:51Z">
          <reporter-output>
          </reporter-output>
        </test-method> <!-- Employee_08_View_Salary -->
        <test-method status="PASS" signature="Employee_09_Assigned_Dependents()[pri:0, instance:data.hrm.employee.Level_19_Fake_Data@2baa8d82]" name="Employee_09_Assigned_Dependents" duration-ms="2" started-at="2021-08-13T08:40:51Z" finished-at="2021-08-13T08:40:51Z">
          <reporter-output>
          </reporter-output>
        </test-method> <!-- Employee_09_Assigned_Dependents -->
        <test-method status="PASS" signature="Employee_09_View_Tax()[pri:0, instance:data.hrm.employee.Level_19_Fake_Data@2baa8d82]" name="Employee_09_View_Tax" duration-ms="2" started-at="2021-08-13T08:40:51Z" finished-at="2021-08-13T08:40:51Z">
          <reporter-output>
          </reporter-output>
        </test-method> <!-- Employee_09_View_Tax -->
        <test-method status="PASS" signature="Employee_10_Qualifications()[pri:0, instance:data.hrm.employee.Level_19_Fake_Data@2baa8d82]" name="Employee_10_Qualifications" duration-ms="1" started-at="2021-08-13T08:40:51Z" finished-at="2021-08-13T08:40:51Z">
          <reporter-output>
          </reporter-output>
        </test-method> <!-- Employee_10_Qualifications -->
        <test-method status="PASS" signature="Employee_11_Search_Employees()[pri:0, instance:data.hrm.employee.Level_19_Fake_Data@2baa8d82]" name="Employee_11_Search_Employees" duration-ms="2" started-at="2021-08-13T08:40:51Z" finished-at="2021-08-13T08:40:51Z">
          <reporter-output>
          </reporter-output>
        </test-method> <!-- Employee_11_Search_Employees -->
        <test-method status="PASS" signature="cleanBrowser()[pri:0, instance:data.hrm.employee.Level_19_Fake_Data@2baa8d82]" name="cleanBrowser" is-config="true" duration-ms="690" started-at="2021-08-13T08:40:51Z" finished-at="2021-08-13T08:40:51Z">
          <reporter-output>
            <line>
              <![CDATA[[INFO ] [2021-08-13 15:40:51,079] Post-Condition: Close browser
<br>]]>
            </line>
          </reporter-output>
        </test-method> <!-- cleanBrowser -->
      </class> <!-- data.hrm.employee.Level_19_Fake_Data -->
    </test> <!-- Run on FIREFOX -->
  </suite> <!-- HRM -->
</testng-results>
